<?xml version="1.0" encoding="UTF-8"?>
<testng-results skipped="0" failed="0" ignored="0" total="1" passed="1">
  <reporter-output>
  </reporter-output>
  <suite name="Default suite" duration-ms="20862" started-at="2018-10-09T16:43:54Z" finished-at="2018-10-09T16:44:15Z">
    <groups>
    </groups>
    <test name="Default test" duration-ms="20862" started-at="2018-10-09T16:43:54Z" finished-at="2018-10-09T16:44:15Z">
      <class name="testcases.TC_001">
        <test-method status="PASS" signature="bmet()[pri:0, instance:testcases.TC_001@12cdcf4]" name="bmet" duration-ms="20668" started-at="2018-10-09T16:43:54Z" finished-at="2018-10-09T16:44:15Z">
          <reporter-output>
          </reporter-output>
        </test-method> <!-- bmet -->
      </class> <!-- testcases.TC_001 -->
    </test> <!-- Default test -->
  </suite> <!-- Default suite -->
</testng-results>
